<?xml version="1.0" encoding="UTF-8"?>
<!-- Generated by org.testng.reporters.JUnitReportReporter -->
<testsuite hostname="H-5CD825CN2L" failures="0" tests="1" name="day3.PathAndQueryParameter" time="3.645" errors="0" timestamp="2024-11-11T15:47:44 IST" skipped="0">
  <testcase classname="day3.PathAndQueryParameter" name="testPathAndQueryParam" time="3.645"/>
</testsuite> <!-- day3.PathAndQueryParameter -->
