<?xml version="1.0" encoding="UTF-8"?>
<!-- Generated by org.testng.reporters.JUnitReportReporter -->
<testsuite hostname="H-5CD825CN2L" failures="0" tests="4" name="day1.HTTPSRequest" time="5.662" errors="0" timestamp="2024-10-28T11:55:04 IST" skipped="0">
  <testcase classname="day1.HTTPSRequest" name="getUsers" time="3.887"/>
  <testcase classname="day1.HTTPSRequest" name="createUser" time="0.964"/>
  <testcase classname="day1.HTTPSRequest" name="updateUser" time="0.426"/>
  <testcase classname="day1.HTTPSRequest" name="deleteUser" time="0.385"/>
</testsuite> <!-- day1.HTTPSRequest -->
