<?xml version="1.0" encoding="UTF-8"?>
<!-- Generated by org.testng.reporters.JUnitReportReporter -->
<testsuite hostname="H-5CD825CN2L" failures="0" tests="2" name="day3.HeadersDemo" time="3.230" errors="0" timestamp="2024-11-12T16:28:05 IST" skipped="0">
  <testcase classname="day3.HeadersDemo" name="testHeaders" time="0.360"/>
  <testcase classname="day3.HeadersDemo" name="getHeaders" time="2.870"/>
</testsuite> <!-- day3.HeadersDemo -->
