<?xml version="1.0" encoding="UTF-8"?>
<!-- Generated by org.testng.reporters.JUnitReportReporter -->
<testsuite hostname="H-5CD825CN2L" failures="0" tests="1" name="day3.CoockiesDemo" time="2.780" errors="0" timestamp="2024-11-11T17:56:41 IST" skipped="0">
  <testcase classname="day3.CoockiesDemo" name="getCoockiesInfo" time="2.780"/>
</testsuite> <!-- day3.CoockiesDemo -->
