<?xml version="1.0" encoding="UTF-8"?>
<!-- Generated by org.testng.reporters.JUnitReportReporter -->
<testsuite hostname="H-5CD825CN2L" failures="0" tests="1" name="day3.LoggingDemo" time="2.660" errors="0" timestamp="2024-11-12T17:36:35 IST" skipped="0">
  <testcase classname="day3.LoggingDemo" name="testlogs" time="2.660"/>
</testsuite> <!-- day3.LoggingDemo -->
